2024-12-29 20:08:21 - Starting AuesApplicationTests using Java 23.0.1 with PID 13068 (started by Sidiki in C:\Mes Projet\Mes logiciel\sprintBoot\AUES-)
2024-12-29 20:08:21 - No active profile set, falling back to 1 default profile: "default"
2024-12-29 20:08:22 - Bootstrapping Spring Data JPA repositories in DEFAULT mode.
2024-12-29 20:08:22 - Finished Spring Data repository scanning in 73 ms. Found 5 JPA repository interfaces.
2024-12-29 20:08:23 - HHH000204: Processing PersistenceUnitInfo [name: default]
2024-12-29 20:08:24 - HHH000412: Hibernate ORM core version 6.6.4.Final
2024-12-29 20:08:24 - HHH000026: Second-level cache disabled
2024-12-29 20:08:25 - No LoadTimeWeaver setup: ignoring JPA class transformer
2024-12-29 20:08:25 - HikariPool-1 - Starting...
2024-12-29 20:08:25 - HikariPool-1 - Added connection com.mysql.cj.jdbc.ConnectionImpl@6f7a20da
2024-12-29 20:08:25 - HikariPool-1 - Start completed.
2024-12-29 20:08:25 - HHH90000025: MySQL8Dialect does not need to be specified explicitly using 'hibernate.dialect' (remove the property setting and it will be selected by default)
2024-12-29 20:08:25 - HHH90000026: MySQL8Dialect has been deprecated; use org.hibernate.dialect.MySQLDialect instead
2024-12-29 20:08:25 - HHH10001005: Database info:
	Database JDBC URL [Connecting through datasource 'HikariDataSource (HikariPool-1)']
	Database driver: undefined/unknown
	Database version: 8.0
	Autocommit mode: undefined/unknown
	Isolation level: undefined/unknown
	Minimum pool size: undefined/unknown
	Maximum pool size: undefined/unknown
2024-12-29 20:08:28 - HHH000489: No JTA platform available (set 'hibernate.transaction.jta.platform' to enable JTA platform integration)
2024-12-29 20:08:29 - Initialized JPA EntityManagerFactory for persistence unit 'default'
2024-12-29 20:08:29 - Global AuthenticationManager configured with UserDetailsService bean with name customUserDetailsService
2024-12-29 20:08:30 - spring.jpa.open-in-view is enabled by default. Therefore, database queries may be performed during view rendering. Explicitly configure spring.jpa.open-in-view to disable this warning
2024-12-29 20:08:30 - Will secure any request with filters: DisableEncodeUrlFilter, WebAsyncManagerIntegrationFilter, SecurityContextHolderFilter, HeaderWriterFilter, LogoutFilter, RequestCacheAwareFilter, SecurityContextHolderAwareRequestFilter, AnonymousAuthenticationFilter, ExceptionTranslationFilter, AuthorizationFilter
2024-12-29 20:08:31 - Started AuesApplicationTests in 10.069 seconds (process running for 11.384)
2024-12-29 20:08:33 - Closing JPA EntityManagerFactory for persistence unit 'default'
2024-12-29 20:08:33 - HikariPool-1 - Shutdown initiated...
2024-12-29 20:08:33 - HikariPool-1 - Shutdown completed.
2024-12-29 20:09:08 - Starting AuesApplicationTests using Java 23.0.1 with PID 22072 (started by Sidiki in C:\Mes Projet\Mes logiciel\sprintBoot\AUES-)
2024-12-29 20:09:08 - No active profile set, falling back to 1 default profile: "default"
2024-12-29 20:09:08 - Bootstrapping Spring Data JPA repositories in DEFAULT mode.
2024-12-29 20:09:09 - Finished Spring Data repository scanning in 85 ms. Found 5 JPA repository interfaces.
2024-12-29 20:09:09 - HHH000204: Processing PersistenceUnitInfo [name: default]
2024-12-29 20:09:09 - HHH000412: Hibernate ORM core version 6.6.4.Final
2024-12-29 20:09:09 - HHH000026: Second-level cache disabled
2024-12-29 20:09:10 - No LoadTimeWeaver setup: ignoring JPA class transformer
2024-12-29 20:09:10 - HikariPool-1 - Starting...
2024-12-29 20:09:11 - HikariPool-1 - Added connection com.mysql.cj.jdbc.ConnectionImpl@5613247e
2024-12-29 20:09:11 - HikariPool-1 - Start completed.
2024-12-29 20:09:11 - HHH90000025: MySQL8Dialect does not need to be specified explicitly using 'hibernate.dialect' (remove the property setting and it will be selected by default)
2024-12-29 20:09:11 - HHH90000026: MySQL8Dialect has been deprecated; use org.hibernate.dialect.MySQLDialect instead
2024-12-29 20:09:11 - HHH10001005: Database info:
	Database JDBC URL [Connecting through datasource 'HikariDataSource (HikariPool-1)']
	Database driver: undefined/unknown
	Database version: 8.0
	Autocommit mode: undefined/unknown
	Isolation level: undefined/unknown
	Minimum pool size: undefined/unknown
	Maximum pool size: undefined/unknown
2024-12-29 20:09:14 - HHH000489: No JTA platform available (set 'hibernate.transaction.jta.platform' to enable JTA platform integration)
2024-12-29 20:09:14 - Initialized JPA EntityManagerFactory for persistence unit 'default'
2024-12-29 20:09:15 - Global AuthenticationManager configured with UserDetailsService bean with name customUserDetailsService
2024-12-29 20:09:15 - spring.jpa.open-in-view is enabled by default. Therefore, database queries may be performed during view rendering. Explicitly configure spring.jpa.open-in-view to disable this warning
2024-12-29 20:09:16 - Will secure any request with filters: DisableEncodeUrlFilter, WebAsyncManagerIntegrationFilter, SecurityContextHolderFilter, HeaderWriterFilter, LogoutFilter, RequestCacheAwareFilter, SecurityContextHolderAwareRequestFilter, AnonymousAuthenticationFilter, ExceptionTranslationFilter, AuthorizationFilter
2024-12-29 20:09:16 - Started AuesApplicationTests in 9.022 seconds (process running for 10.251)
2024-12-29 20:09:18 - Closing JPA EntityManagerFactory for persistence unit 'default'
2024-12-29 20:09:18 - HikariPool-1 - Shutdown initiated...
2024-12-29 20:09:18 - HikariPool-1 - Shutdown completed.
2024-12-29 20:11:29 - Starting AuesApplicationTests using Java 23.0.1 with PID 18444 (started by Sidiki in C:\Mes Projet\Mes logiciel\sprintBoot\AUES-)
2024-12-29 20:11:29 - No active profile set, falling back to 1 default profile: "default"
2024-12-29 20:11:29 - Bootstrapping Spring Data JPA repositories in DEFAULT mode.
2024-12-29 20:11:29 - Finished Spring Data repository scanning in 67 ms. Found 5 JPA repository interfaces.
2024-12-29 20:11:30 - HHH000204: Processing PersistenceUnitInfo [name: default]
2024-12-29 20:11:30 - HHH000412: Hibernate ORM core version 6.6.4.Final
2024-12-29 20:11:30 - HHH000026: Second-level cache disabled
2024-12-29 20:11:31 - No LoadTimeWeaver setup: ignoring JPA class transformer
2024-12-29 20:11:31 - HikariPool-1 - Starting...
2024-12-29 20:11:32 - HikariPool-1 - Added connection com.mysql.cj.jdbc.ConnectionImpl@5613247e
2024-12-29 20:11:32 - HikariPool-1 - Start completed.
2024-12-29 20:11:32 - HHH90000025: MySQL8Dialect does not need to be specified explicitly using 'hibernate.dialect' (remove the property setting and it will be selected by default)
2024-12-29 20:11:32 - HHH90000026: MySQL8Dialect has been deprecated; use org.hibernate.dialect.MySQLDialect instead
2024-12-29 20:11:32 - HHH10001005: Database info:
	Database JDBC URL [Connecting through datasource 'HikariDataSource (HikariPool-1)']
	Database driver: undefined/unknown
	Database version: 8.0
	Autocommit mode: undefined/unknown
	Isolation level: undefined/unknown
	Minimum pool size: undefined/unknown
	Maximum pool size: undefined/unknown
2024-12-29 20:11:35 - HHH000489: No JTA platform available (set 'hibernate.transaction.jta.platform' to enable JTA platform integration)
2024-12-29 20:11:35 - Initialized JPA EntityManagerFactory for persistence unit 'default'
2024-12-29 20:11:36 - Global AuthenticationManager configured with UserDetailsService bean with name customUserDetailsService
2024-12-29 20:11:36 - spring.jpa.open-in-view is enabled by default. Therefore, database queries may be performed during view rendering. Explicitly configure spring.jpa.open-in-view to disable this warning
2024-12-29 20:11:37 - Will secure any request with filters: DisableEncodeUrlFilter, WebAsyncManagerIntegrationFilter, SecurityContextHolderFilter, HeaderWriterFilter, LogoutFilter, RequestCacheAwareFilter, SecurityContextHolderAwareRequestFilter, AnonymousAuthenticationFilter, ExceptionTranslationFilter, AuthorizationFilter
2024-12-29 20:11:37 - Started AuesApplicationTests in 8.942 seconds (process running for 10.091)
2024-12-29 20:11:39 - Closing JPA EntityManagerFactory for persistence unit 'default'
2024-12-29 20:11:39 - HikariPool-1 - Shutdown initiated...
2024-12-29 20:11:39 - HikariPool-1 - Shutdown completed.
2024-12-29 20:17:36 - Starting AuesApplication using Java 23.0.1 with PID 21956 (C:\Mes Projet\Mes logiciel\sprintBoot\AUES-\target\classes started by Sidiki in C:\Mes Projet\Mes logiciel\sprintBoot\AUES-)
2024-12-29 20:17:36 - No active profile set, falling back to 1 default profile: "default"
2024-12-29 20:17:36 - Bootstrapping Spring Data JPA repositories in DEFAULT mode.
2024-12-29 20:17:36 - Finished Spring Data repository scanning in 71 ms. Found 5 JPA repository interfaces.
2024-12-29 20:17:37 - Tomcat initialized with port 8080 (http)
2024-12-29 20:17:37 - Starting service [Tomcat]
2024-12-29 20:17:37 - Starting Servlet engine: [Apache Tomcat/10.1.34]
2024-12-29 20:17:37 - Initializing Spring embedded WebApplicationContext
2024-12-29 20:17:37 - Root WebApplicationContext: initialization completed in 1367 ms
2024-12-29 20:17:37 - HHH000204: Processing PersistenceUnitInfo [name: default]
2024-12-29 20:17:37 - HHH000412: Hibernate ORM core version 6.6.4.Final
2024-12-29 20:17:37 - HHH000026: Second-level cache disabled
2024-12-29 20:17:37 - No LoadTimeWeaver setup: ignoring JPA class transformer
2024-12-29 20:17:38 - HikariPool-1 - Starting...
2024-12-29 20:17:38 - HikariPool-1 - Added connection com.mysql.cj.jdbc.ConnectionImpl@6ace919c
2024-12-29 20:17:38 - HikariPool-1 - Start completed.
2024-12-29 20:17:38 - HHH90000025: MySQL8Dialect does not need to be specified explicitly using 'hibernate.dialect' (remove the property setting and it will be selected by default)
2024-12-29 20:17:38 - HHH90000026: MySQL8Dialect has been deprecated; use org.hibernate.dialect.MySQLDialect instead
2024-12-29 20:17:38 - HHH10001005: Database info:
	Database JDBC URL [Connecting through datasource 'HikariDataSource (HikariPool-1)']
	Database driver: undefined/unknown
	Database version: 8.0
	Autocommit mode: undefined/unknown
	Isolation level: undefined/unknown
	Minimum pool size: undefined/unknown
	Maximum pool size: undefined/unknown
2024-12-29 20:17:41 - HHH000489: No JTA platform available (set 'hibernate.transaction.jta.platform' to enable JTA platform integration)
2024-12-29 20:17:41 - Initialized JPA EntityManagerFactory for persistence unit 'default'
2024-12-29 20:17:42 - Global AuthenticationManager configured with UserDetailsService bean with name customUserDetailsService
2024-12-29 20:17:42 - spring.jpa.open-in-view is enabled by default. Therefore, database queries may be performed during view rendering. Explicitly configure spring.jpa.open-in-view to disable this warning
2024-12-29 20:17:43 - Will secure any request with filters: DisableEncodeUrlFilter, WebAsyncManagerIntegrationFilter, SecurityContextHolderFilter, HeaderWriterFilter, LogoutFilter, RequestCacheAwareFilter, SecurityContextHolderAwareRequestFilter, AnonymousAuthenticationFilter, ExceptionTranslationFilter, AuthorizationFilter
2024-12-29 20:17:43 - Tomcat started on port 8080 (http) with context path '/'
2024-12-29 20:17:43 - Started AuesApplication in 8.323 seconds (process running for 8.734)
2024-12-29 20:18:57 - Initializing Spring DispatcherServlet 'dispatcherServlet'
2024-12-29 20:18:57 - Initializing Servlet 'dispatcherServlet'
2024-12-29 20:18:57 - Completed initialization in 4 ms
2024-12-29 20:18:57 - Securing POST /api/auth/login
2024-12-29 20:18:57 - Secured POST /api/auth/login
2024-12-29 20:18:57 - Resolved [org.springframework.web.HttpMediaTypeNotSupportedException: Content-Type 'multipart/form-data;boundary=--------------------------201737909464949447280287;charset=UTF-8' is not supported]
2024-12-29 20:18:57 - Set SecurityContextHolder to anonymous SecurityContext
2024-12-29 20:18:57 - Securing POST /error
2024-12-29 20:18:57 - Set SecurityContextHolder to anonymous SecurityContext
2024-12-29 20:18:57 - Saved request http://localhost:8080/error?continue to session
2024-12-29 20:19:22 - Securing GET /api/auth/login
2024-12-29 20:19:22 - Secured GET /api/auth/login
2024-12-29 20:19:22 - Resolved [org.springframework.web.HttpRequestMethodNotSupportedException: Request method 'GET' is not supported]
2024-12-29 20:19:22 - Set SecurityContextHolder to anonymous SecurityContext
2024-12-29 20:19:22 - Securing GET /error
2024-12-29 20:19:22 - Set SecurityContextHolder to anonymous SecurityContext
2024-12-29 20:19:22 - Saved request http://localhost:8080/error?continue to session
2024-12-29 20:19:30 - Securing GET /api/auth/login
2024-12-29 20:19:30 - Secured GET /api/auth/login
2024-12-29 20:19:30 - Resolved [org.springframework.web.HttpRequestMethodNotSupportedException: Request method 'GET' is not supported]
2024-12-29 20:19:30 - Set SecurityContextHolder to anonymous SecurityContext
2024-12-29 20:19:30 - Securing GET /error
2024-12-29 20:19:30 - Set SecurityContextHolder to anonymous SecurityContext
2024-12-29 20:19:30 - Saved request http://localhost:8080/error?continue to session
2024-12-29 20:20:06 - Securing GET /api/auth/login
2024-12-29 20:20:06 - Secured GET /api/auth/login
2024-12-29 20:20:06 - Resolved [org.springframework.web.HttpRequestMethodNotSupportedException: Request method 'GET' is not supported]
2024-12-29 20:20:06 - Set SecurityContextHolder to anonymous SecurityContext
2024-12-29 20:20:06 - Securing GET /error
2024-12-29 20:20:06 - Set SecurityContextHolder to anonymous SecurityContext
2024-12-29 20:20:06 - Saved request http://localhost:8080/error?continue to session
2024-12-29 20:23:51 - Securing GET /api/auth/login
2024-12-29 20:23:51 - Secured GET /api/auth/login
2024-12-29 20:23:51 - Resolved [org.springframework.web.HttpRequestMethodNotSupportedException: Request method 'GET' is not supported]
2024-12-29 20:23:51 - Set SecurityContextHolder to anonymous SecurityContext
2024-12-29 20:23:51 - Securing GET /error
2024-12-29 20:23:51 - Set SecurityContextHolder to anonymous SecurityContext
2024-12-29 20:23:51 - Saved request http://localhost:8080/error?continue to session
2024-12-29 20:24:50 - Securing POST /api/auth/login
2024-12-29 20:24:50 - Secured POST /api/auth/login
2024-12-29 20:24:50 - Resolved [org.springframework.web.HttpMediaTypeNotSupportedException: Content-Type 'multipart/form-data;boundary=--------------------------188958424097209348340078;charset=UTF-8' is not supported]
2024-12-29 20:24:50 - Set SecurityContextHolder to anonymous SecurityContext
2024-12-29 20:24:50 - Securing POST /error
2024-12-29 20:24:50 - Set SecurityContextHolder to anonymous SecurityContext
2024-12-29 20:24:50 - Saved request http://localhost:8080/error?continue to session
2024-12-29 20:28:45 - Commencing graceful shutdown. Waiting for active requests to complete
2024-12-29 20:28:45 - Graceful shutdown complete
2024-12-29 20:28:45 - Closing JPA EntityManagerFactory for persistence unit 'default'
2024-12-29 20:28:45 - HikariPool-1 - Shutdown initiated...
2024-12-29 20:28:45 - HikariPool-1 - Shutdown completed.
2024-12-29 20:28:57 - Starting AuesApplicationTests using Java 23.0.1 with PID 9940 (started by Sidiki in C:\Mes Projet\Mes logiciel\sprintBoot\AUES-)
2024-12-29 20:28:57 - No active profile set, falling back to 1 default profile: "default"
2024-12-29 20:28:58 - Bootstrapping Spring Data JPA repositories in DEFAULT mode.
2024-12-29 20:28:58 - Finished Spring Data repository scanning in 67 ms. Found 5 JPA repository interfaces.
2024-12-29 20:28:59 - HHH000204: Processing PersistenceUnitInfo [name: default]
2024-12-29 20:28:59 - HHH000412: Hibernate ORM core version 6.6.4.Final
2024-12-29 20:28:59 - HHH000026: Second-level cache disabled
2024-12-29 20:28:59 - No LoadTimeWeaver setup: ignoring JPA class transformer
2024-12-29 20:28:59 - HikariPool-1 - Starting...
2024-12-29 20:28:59 - HikariPool-1 - Added connection com.mysql.cj.jdbc.ConnectionImpl@6f7a20da
2024-12-29 20:28:59 - HikariPool-1 - Start completed.
2024-12-29 20:28:59 - HHH90000025: MySQL8Dialect does not need to be specified explicitly using 'hibernate.dialect' (remove the property setting and it will be selected by default)
2024-12-29 20:28:59 - HHH90000026: MySQL8Dialect has been deprecated; use org.hibernate.dialect.MySQLDialect instead
2024-12-29 20:28:59 - HHH10001005: Database info:
	Database JDBC URL [Connecting through datasource 'HikariDataSource (HikariPool-1)']
	Database driver: undefined/unknown
	Database version: 8.0
	Autocommit mode: undefined/unknown
	Isolation level: undefined/unknown
	Minimum pool size: undefined/unknown
	Maximum pool size: undefined/unknown
2024-12-29 20:29:01 - HHH000489: No JTA platform available (set 'hibernate.transaction.jta.platform' to enable JTA platform integration)
2024-12-29 20:29:01 - Initialized JPA EntityManagerFactory for persistence unit 'default'
2024-12-29 20:29:01 - Global AuthenticationManager configured with UserDetailsService bean with name customUserDetailsService
2024-12-29 20:29:01 - spring.jpa.open-in-view is enabled by default. Therefore, database queries may be performed during view rendering. Explicitly configure spring.jpa.open-in-view to disable this warning
2024-12-29 20:29:02 - Will secure any request with filters: DisableEncodeUrlFilter, WebAsyncManagerIntegrationFilter, SecurityContextHolderFilter, HeaderWriterFilter, LogoutFilter, RequestCacheAwareFilter, SecurityContextHolderAwareRequestFilter, AnonymousAuthenticationFilter, ExceptionTranslationFilter, AuthorizationFilter
2024-12-29 20:29:02 - Started AuesApplicationTests in 5.075 seconds (process running for 6.066)
2024-12-29 20:29:03 - Closing JPA EntityManagerFactory for persistence unit 'default'
2024-12-29 20:29:03 - HikariPool-1 - Shutdown initiated...
2024-12-29 20:29:03 - HikariPool-1 - Shutdown completed.
2024-12-29 20:29:13 - Starting AuesApplication using Java 23.0.1 with PID 14604 (C:\Mes Projet\Mes logiciel\sprintBoot\AUES-\target\classes started by Sidiki in C:\Mes Projet\Mes logiciel\sprintBoot\AUES-)
2024-12-29 20:29:13 - No active profile set, falling back to 1 default profile: "default"
2024-12-29 20:29:13 - Bootstrapping Spring Data JPA repositories in DEFAULT mode.
2024-12-29 20:29:13 - Finished Spring Data repository scanning in 58 ms. Found 5 JPA repository interfaces.
2024-12-29 20:29:14 - Tomcat initialized with port 8080 (http)
2024-12-29 20:29:14 - Starting service [Tomcat]
2024-12-29 20:29:14 - Starting Servlet engine: [Apache Tomcat/10.1.34]
2024-12-29 20:29:14 - Initializing Spring embedded WebApplicationContext
2024-12-29 20:29:14 - Root WebApplicationContext: initialization completed in 1164 ms
2024-12-29 20:29:14 - HHH000204: Processing PersistenceUnitInfo [name: default]
2024-12-29 20:29:14 - HHH000412: Hibernate ORM core version 6.6.4.Final
2024-12-29 20:29:14 - HHH000026: Second-level cache disabled
2024-12-29 20:29:15 - No LoadTimeWeaver setup: ignoring JPA class transformer
2024-12-29 20:29:15 - HikariPool-1 - Starting...
2024-12-29 20:29:15 - HikariPool-1 - Added connection com.mysql.cj.jdbc.ConnectionImpl@4403bff8
2024-12-29 20:29:15 - HikariPool-1 - Start completed.
2024-12-29 20:29:15 - HHH90000025: MySQL8Dialect does not need to be specified explicitly using 'hibernate.dialect' (remove the property setting and it will be selected by default)
2024-12-29 20:29:15 - HHH90000026: MySQL8Dialect has been deprecated; use org.hibernate.dialect.MySQLDialect instead
2024-12-29 20:29:15 - HHH10001005: Database info:
	Database JDBC URL [Connecting through datasource 'HikariDataSource (HikariPool-1)']
	Database driver: undefined/unknown
	Database version: 8.0
	Autocommit mode: undefined/unknown
	Isolation level: undefined/unknown
	Minimum pool size: undefined/unknown
	Maximum pool size: undefined/unknown
2024-12-29 20:29:17 - HHH000489: No JTA platform available (set 'hibernate.transaction.jta.platform' to enable JTA platform integration)
2024-12-29 20:29:17 - Initialized JPA EntityManagerFactory for persistence unit 'default'
2024-12-29 20:29:17 - Global AuthenticationManager configured with UserDetailsService bean with name customUserDetailsService
2024-12-29 20:29:18 - spring.jpa.open-in-view is enabled by default. Therefore, database queries may be performed during view rendering. Explicitly configure spring.jpa.open-in-view to disable this warning
2024-12-29 20:29:18 - Will secure any request with filters: DisableEncodeUrlFilter, WebAsyncManagerIntegrationFilter, SecurityContextHolderFilter, HeaderWriterFilter, LogoutFilter, RequestCacheAwareFilter, SecurityContextHolderAwareRequestFilter, AnonymousAuthenticationFilter, ExceptionTranslationFilter, AuthorizationFilter
2024-12-29 20:29:18 - Tomcat started on port 8080 (http) with context path '/'
2024-12-29 20:29:18 - Started AuesApplication in 5.839 seconds (process running for 6.137)
2024-12-29 20:30:26 - Initializing Spring DispatcherServlet 'dispatcherServlet'
2024-12-29 20:30:26 - Initializing Servlet 'dispatcherServlet'
2024-12-29 20:30:26 - Completed initialization in 0 ms
2024-12-29 20:30:26 - Securing POST /api/auth/login
2024-12-29 20:30:26 - Secured POST /api/auth/login
2024-12-29 20:30:26 - Resolved [org.springframework.web.HttpMediaTypeNotSupportedException: Content-Type 'multipart/form-data;boundary=--------------------------316501856507594633597136;charset=UTF-8' is not supported]
2024-12-29 20:30:26 - Set SecurityContextHolder to anonymous SecurityContext
2024-12-29 20:30:27 - Securing POST /error
2024-12-29 20:30:27 - Set SecurityContextHolder to anonymous SecurityContext
2024-12-29 20:30:27 - Saved request http://localhost:8080/error?continue to session
2024-12-29 20:32:09 - Securing POST /api/auth/login
2024-12-29 20:32:09 - Secured POST /api/auth/login
2024-12-29 20:32:09 - Resolved [org.springframework.web.HttpMediaTypeNotSupportedException: Content-Type 'multipart/form-data;boundary=--------------------------074658251647541328370927;charset=UTF-8' is not supported]
2024-12-29 20:32:09 - Set SecurityContextHolder to anonymous SecurityContext
2024-12-29 20:32:09 - Securing POST /error
2024-12-29 20:32:09 - Set SecurityContextHolder to anonymous SecurityContext
2024-12-29 20:32:09 - Saved request http://localhost:8080/error?continue to session
2024-12-29 20:46:42 - Commencing graceful shutdown. Waiting for active requests to complete
2024-12-29 20:46:42 - Graceful shutdown complete
2024-12-29 20:46:42 - Closing JPA EntityManagerFactory for persistence unit 'default'
2024-12-29 20:46:42 - HikariPool-1 - Shutdown initiated...
2024-12-29 20:46:42 - HikariPool-1 - Shutdown completed.
